<?xml version="1.0" encoding="UTF-8"?>
<!-- Generated by org.testng.reporters.JUnitReportReporter -->
<testsuite skipped="0" hostname="DESKTOP-2CGJF3A" name="Aslam.Test1" tests="1" failures="0" timestamp="17 Feb 2018 07:50:09 GMT" time="0.016" errors="0">
  <testcase name="cir" time="0.016" classname="Aslam.Test1"/>
</testsuite> <!-- Aslam.Test1 -->
